2025-06-16 16:09:42,620 [Worker-6: Loading available Gradle versions] INFO  o.e.b.c.i.u.g.PublishedGradleVersions - Gradle version information cache is not available. Remote download required.
2025-06-16 16:12:07,334 [Worker-9: Import Getting Started Content] INFO  o.e.m.c.i.l.LifecycleMappingFactory - Using org.eclipse.m2e.jdt.JarLifecycleMapping lifecycle mapping for MavenProject: com.in:backend-demo:0.0.1-SNAPSHOT @ F:\MEGA SETUP\MEGA SETUP SIT\ALL IN ONE\TestFullstackApp\backend-demo\pom.xml.
2025-06-16 16:12:08,661 [Worker-9: Import Getting Started Content] INFO  o.e.m.j.i.AbstractJavaProjectConfigurator - Adding source folder /backend-demo/src/main/java
2025-06-16 16:12:08,662 [Worker-9: Import Getting Started Content] INFO  o.e.m.j.i.AbstractJavaProjectConfigurator - Adding resource folder /backend-demo/src/main/resources
2025-06-16 16:12:08,665 [Worker-9: Import Getting Started Content] INFO  o.e.m.j.i.AbstractJavaProjectConfigurator - Adding resource folder /backend-demo/src/main/resources
2025-06-16 16:12:08,668 [Worker-9: Import Getting Started Content] INFO  o.e.m.j.i.AbstractJavaProjectConfigurator - Adding source folder /backend-demo/src/test/java
2025-06-16 16:12:08,669 [Worker-9: Import Getting Started Content] INFO  o.e.m.j.i.AbstractJavaProjectConfigurator - Adding resource folder /backend-demo/src/test/resources
2025-06-16 16:12:09,379 [Worker-9: Import Getting Started Content] INFO  o.e.m.c.i.p.ProjectConfigurationManager - Imported and configured 1 project(s) in 3 sec
2025-06-16 16:12:09,382 [Worker-9: Import Getting Started Content] INFO  o.e.m.c.i.p.ProjectConfigurationManager - Update started
2025-06-16 16:12:09,725 [Worker-9: Import Getting Started Content] INFO  o.e.m.c.i.l.LifecycleMappingFactory - Using org.eclipse.m2e.jdt.JarLifecycleMapping lifecycle mapping for MavenProject: com.in:backend-demo:0.0.1-SNAPSHOT @ F:\MEGA SETUP\MEGA SETUP SIT\ALL IN ONE\TestFullstackApp\backend-demo\pom.xml.
2025-06-16 16:12:10,185 [Worker-9: Import Getting Started Content] INFO  o.e.m.j.i.AbstractJavaProjectConfigurator - Adding source folder /backend-demo/src/main/java
2025-06-16 16:12:10,185 [Worker-9: Import Getting Started Content] INFO  o.e.m.j.i.AbstractJavaProjectConfigurator - Adding resource folder /backend-demo/src/main/resources
2025-06-16 16:12:10,185 [Worker-9: Import Getting Started Content] INFO  o.e.m.j.i.AbstractJavaProjectConfigurator - Adding resource folder /backend-demo/src/main/resources
2025-06-16 16:12:10,185 [Worker-9: Import Getting Started Content] INFO  o.e.m.j.i.AbstractJavaProjectConfigurator - Adding source folder /backend-demo/src/test/java
2025-06-16 16:12:10,187 [Worker-9: Import Getting Started Content] INFO  o.e.m.j.i.AbstractJavaProjectConfigurator - Adding resource folder /backend-demo/src/test/resources
2025-06-16 16:12:10,555 [Worker-9: Import Getting Started Content] INFO  o.e.m.c.i.p.ProjectConfigurationManager - Update completed for 1 poms: local refresh takes 0.00 sec, refresh facades takes 0.00 sec, update config takes 0.00 sec 
2025-06-16 16:12:11,992 [Worker-15: Building] INFO  o.a.m.s.f.DefaultMavenResourcesFiltering - Copying 1 resource from src\main\resources to target\classes
2025-06-16 16:12:12,015 [Worker-15: Building] INFO  o.a.m.s.f.DefaultMavenResourcesFiltering - Copying 0 resource from src\main\resources to target\classes
2025-06-16 16:12:12,021 [Worker-15: Building] INFO  o.a.m.s.f.DefaultMavenResourcesFiltering - skip non existing resourceDirectory F:\MEGA SETUP\MEGA SETUP SIT\ALL IN ONE\TestFullstackApp\backend-demo\src\test\resources
2025-06-16 16:12:16,025 [Worker-11: Building] INFO  o.e.m.c.i.l.LifecycleMappingFactory - Using org.eclipse.m2e.jdt.JarLifecycleMapping lifecycle mapping for MavenProject: com.in:backend-demo:0.0.1-SNAPSHOT @ F:\MEGA SETUP\MEGA SETUP SIT\ALL IN ONE\TestFullstackApp\backend-demo\pom.xml.
2025-06-16 16:12:16,535 [Worker-11: Building] INFO  o.a.m.s.f.DefaultMavenResourcesFiltering - Copying 0 resource from src\main\resources to target\classes
2025-06-16 16:12:16,536 [Worker-11: Building] INFO  o.a.m.s.f.DefaultMavenResourcesFiltering - Copying 0 resource from src\main\resources to target\classes
2025-06-16 16:12:16,546 [Worker-11: Building] INFO  o.a.m.s.f.DefaultMavenResourcesFiltering - skip non existing resourceDirectory F:\MEGA SETUP\MEGA SETUP SIT\ALL IN ONE\TestFullstackApp\backend-demo\src\test\resources
2025-06-16 16:12:17,725 [Worker-7: Building] INFO  o.a.m.s.f.DefaultMavenResourcesFiltering - Copying 1 resource from src\main\resources to target\classes
2025-06-16 16:12:17,759 [Worker-7: Building] INFO  o.a.m.s.f.DefaultMavenResourcesFiltering - Copying 0 resource from src\main\resources to target\classes
2025-06-16 16:12:17,765 [Worker-7: Building] INFO  o.a.m.s.f.DefaultMavenResourcesFiltering - skip non existing resourceDirectory F:\MEGA SETUP\MEGA SETUP SIT\ALL IN ONE\TestFullstackApp\backend-demo\src\test\resources
2025-06-16 16:12:48,616 [Worker-8: Building] INFO  o.a.m.s.f.DefaultMavenResourcesFiltering - Copying 1 resource from src\main\resources to target\classes
2025-06-16 16:12:48,624 [Worker-8: Building] INFO  o.a.m.s.f.DefaultMavenResourcesFiltering - Copying 0 resource from src\main\resources to target\classes
2025-06-16 16:12:48,626 [Worker-8: Building] INFO  o.a.m.s.f.DefaultMavenResourcesFiltering - skip non existing resourceDirectory F:\MEGA SETUP\MEGA SETUP SIT\ALL IN ONE\TestFullstackApp\backend-demo\src\test\resources
2025-06-16 16:13:16,372 [Worker-5: Building] INFO  o.a.m.s.f.DefaultMavenResourcesFiltering - Copying 1 resource from src\main\resources to target\classes
2025-06-16 16:13:16,380 [Worker-5: Building] INFO  o.a.m.s.f.DefaultMavenResourcesFiltering - Copying 0 resource from src\main\resources to target\classes
2025-06-16 16:13:16,382 [Worker-5: Building] INFO  o.a.m.s.f.DefaultMavenResourcesFiltering - skip non existing resourceDirectory F:\MEGA SETUP\MEGA SETUP SIT\ALL IN ONE\TestFullstackApp\backend-demo\src\test\resources
2025-06-16 16:14:50,574 [Worker-14: Building] INFO  o.a.m.s.f.DefaultMavenResourcesFiltering - Copying 1 resource from src\main\resources to target\classes
2025-06-16 16:14:50,578 [Worker-14: Building] INFO  o.a.m.s.f.DefaultMavenResourcesFiltering - Copying 0 resource from src\main\resources to target\classes
2025-06-16 16:14:50,581 [Worker-14: Building] INFO  o.a.m.s.f.DefaultMavenResourcesFiltering - skip non existing resourceDirectory F:\MEGA SETUP\MEGA SETUP SIT\ALL IN ONE\TestFullstackApp\backend-demo\src\test\resources
2025-06-16 16:15:02,490 [Worker-0: Building] INFO  o.a.m.s.f.DefaultMavenResourcesFiltering - Copying 1 resource from src\main\resources to target\classes
2025-06-16 16:15:02,493 [Worker-0: Building] INFO  o.a.m.s.f.DefaultMavenResourcesFiltering - Copying 0 resource from src\main\resources to target\classes
2025-06-16 16:15:02,495 [Worker-0: Building] INFO  o.a.m.s.f.DefaultMavenResourcesFiltering - skip non existing resourceDirectory F:\MEGA SETUP\MEGA SETUP SIT\ALL IN ONE\TestFullstackApp\backend-demo\src\test\resources
2025-06-16 16:15:03,526 [Worker-3: Building] INFO  o.a.m.s.f.DefaultMavenResourcesFiltering - Copying 1 resource from src\main\resources to target\classes
2025-06-16 16:15:03,530 [Worker-3: Building] INFO  o.a.m.s.f.DefaultMavenResourcesFiltering - Copying 0 resource from src\main\resources to target\classes
2025-06-16 16:15:03,532 [Worker-3: Building] INFO  o.a.m.s.f.DefaultMavenResourcesFiltering - skip non existing resourceDirectory F:\MEGA SETUP\MEGA SETUP SIT\ALL IN ONE\TestFullstackApp\backend-demo\src\test\resources
2025-06-16 16:15:37,417 [Worker-10: Building] INFO  o.e.m.c.i.l.LifecycleMappingFactory - Using org.eclipse.m2e.jdt.JarLifecycleMapping lifecycle mapping for MavenProject: com.in:backend-demo:0.0.1-SNAPSHOT @ F:\MEGA SETUP\MEGA SETUP SIT\ALL IN ONE\TestFullstackApp\backend-demo\pom.xml.
2025-06-16 16:15:37,804 [Worker-10: Building] INFO  o.a.m.s.f.DefaultMavenResourcesFiltering - Copying 0 resource from src\main\resources to target\classes
2025-06-16 16:15:37,804 [Worker-10: Building] INFO  o.a.m.s.f.DefaultMavenResourcesFiltering - Copying 0 resource from src\main\resources to target\classes
2025-06-16 16:15:37,808 [Worker-10: Building] INFO  o.a.m.s.f.DefaultMavenResourcesFiltering - skip non existing resourceDirectory F:\MEGA SETUP\MEGA SETUP SIT\ALL IN ONE\TestFullstackApp\backend-demo\src\test\resources
2025-06-16 16:16:08,609 [Worker-5: Building] INFO  o.a.m.s.f.DefaultMavenResourcesFiltering - Copying 0 resource from src\main\resources to target\classes
2025-06-16 16:16:08,609 [Worker-5: Building] INFO  o.a.m.s.f.DefaultMavenResourcesFiltering - Copying 0 resource from src\main\resources to target\classes
2025-06-16 16:16:08,612 [Worker-5: Building] INFO  o.a.m.s.f.DefaultMavenResourcesFiltering - skip non existing resourceDirectory F:\MEGA SETUP\MEGA SETUP SIT\ALL IN ONE\TestFullstackApp\backend-demo\src\test\resources
2025-06-16 16:17:06,124 [Worker-7: Building] INFO  o.a.m.s.f.DefaultMavenResourcesFiltering - Copying 0 resource from src\main\resources to target\classes
2025-06-16 16:17:06,125 [Worker-7: Building] INFO  o.a.m.s.f.DefaultMavenResourcesFiltering - Copying 0 resource from src\main\resources to target\classes
2025-06-16 16:17:06,127 [Worker-7: Building] INFO  o.a.m.s.f.DefaultMavenResourcesFiltering - skip non existing resourceDirectory F:\MEGA SETUP\MEGA SETUP SIT\ALL IN ONE\TestFullstackApp\backend-demo\src\test\resources
2025-06-16 16:17:22,245 [Worker-6: Launching Executing install in F__MEGA SETUP_MEGA SETUP SIT_ALL IN ONE_TestFullstackApp_backend-demo] INFO  o.eclipse.m2e.core.internal.Bundles - getClasspathEntries(Bundle=org.eclipse.m2e.maven.runtime_3.9.900.20250220-2013 [361])
2025-06-16 16:17:22,246 [Worker-6: Launching Executing install in F__MEGA SETUP_MEGA SETUP SIT_ALL IN ONE_TestFullstackApp_backend-demo] INFO  o.eclipse.m2e.core.internal.Bundles - 	Entry: D:\SOFTWARE INSTALLED\sts-4.30.0.RELEASE\plugins\org.eclipse.m2e.maven.runtime_3.9.900.20250220-2013
2025-06-16 16:17:22,246 [Worker-6: Launching Executing install in F__MEGA SETUP_MEGA SETUP SIT_ALL IN ONE_TestFullstackApp_backend-demo] INFO  o.eclipse.m2e.core.internal.Bundles - 	Entry: D:\SOFTWARE INSTALLED\sts-4.30.0.RELEASE\plugins\org.eclipse.m2e.maven.runtime_3.9.900.20250220-2013\jars\aopalliance-1.0.jar
2025-06-16 16:17:22,246 [Worker-6: Launching Executing install in F__MEGA SETUP_MEGA SETUP SIT_ALL IN ONE_TestFullstackApp_backend-demo] INFO  o.eclipse.m2e.core.internal.Bundles - 	Entry: D:\SOFTWARE INSTALLED\sts-4.30.0.RELEASE\plugins\org.eclipse.m2e.maven.runtime_3.9.900.20250220-2013\jars\guice-5.1.0.jar
2025-06-16 16:17:22,247 [Worker-6: Launching Executing install in F__MEGA SETUP_MEGA SETUP SIT_ALL IN ONE_TestFullstackApp_backend-demo] INFO  o.eclipse.m2e.core.internal.Bundles - 	Entry: D:\SOFTWARE INSTALLED\sts-4.30.0.RELEASE\plugins\org.eclipse.m2e.maven.runtime_3.9.900.20250220-2013\jars\httpclient-4.5.14.jar
2025-06-16 16:17:22,247 [Worker-6: Launching Executing install in F__MEGA SETUP_MEGA SETUP SIT_ALL IN ONE_TestFullstackApp_backend-demo] INFO  o.eclipse.m2e.core.internal.Bundles - 	Entry: D:\SOFTWARE INSTALLED\sts-4.30.0.RELEASE\plugins\org.eclipse.m2e.maven.runtime_3.9.900.20250220-2013\jars\httpcore-4.4.16.jar
2025-06-16 16:17:22,247 [Worker-6: Launching Executing install in F__MEGA SETUP_MEGA SETUP SIT_ALL IN ONE_TestFullstackApp_backend-demo] INFO  o.eclipse.m2e.core.internal.Bundles - 	Entry: D:\SOFTWARE INSTALLED\sts-4.30.0.RELEASE\plugins\org.eclipse.m2e.maven.runtime_3.9.900.20250220-2013\jars\jansi-2.4.1.jar
2025-06-16 16:17:22,247 [Worker-6: Launching Executing install in F__MEGA SETUP_MEGA SETUP SIT_ALL IN ONE_TestFullstackApp_backend-demo] INFO  o.eclipse.m2e.core.internal.Bundles - 	Entry: D:\SOFTWARE INSTALLED\sts-4.30.0.RELEASE\plugins\org.eclipse.m2e.maven.runtime_3.9.900.20250220-2013\jars\jcl-over-slf4j-1.7.36.jar
2025-06-16 16:17:22,247 [Worker-6: Launching Executing install in F__MEGA SETUP_MEGA SETUP SIT_ALL IN ONE_TestFullstackApp_backend-demo] INFO  o.eclipse.m2e.core.internal.Bundles - 	Entry: D:\SOFTWARE INSTALLED\sts-4.30.0.RELEASE\plugins\org.eclipse.m2e.maven.runtime_3.9.900.20250220-2013\jars\maven-artifact-3.9.9.jar
2025-06-16 16:17:22,247 [Worker-6: Launching Executing install in F__MEGA SETUP_MEGA SETUP SIT_ALL IN ONE_TestFullstackApp_backend-demo] INFO  o.eclipse.m2e.core.internal.Bundles - 	Entry: D:\SOFTWARE INSTALLED\sts-4.30.0.RELEASE\plugins\org.eclipse.m2e.maven.runtime_3.9.900.20250220-2013\jars\maven-builder-support-3.9.9.jar
2025-06-16 16:17:22,247 [Worker-6: Launching Executing install in F__MEGA SETUP_MEGA SETUP SIT_ALL IN ONE_TestFullstackApp_backend-demo] INFO  o.eclipse.m2e.core.internal.Bundles - 	Entry: D:\SOFTWARE INSTALLED\sts-4.30.0.RELEASE\plugins\org.eclipse.m2e.maven.runtime_3.9.900.20250220-2013\jars\maven-compat-3.9.9.jar
2025-06-16 16:17:22,247 [Worker-6: Launching Executing install in F__MEGA SETUP_MEGA SETUP SIT_ALL IN ONE_TestFullstackApp_backend-demo] INFO  o.eclipse.m2e.core.internal.Bundles - 	Entry: D:\SOFTWARE INSTALLED\sts-4.30.0.RELEASE\plugins\org.eclipse.m2e.maven.runtime_3.9.900.20250220-2013\jars\maven-core-3.9.9.jar
2025-06-16 16:17:22,247 [Worker-6: Launching Executing install in F__MEGA SETUP_MEGA SETUP SIT_ALL IN ONE_TestFullstackApp_backend-demo] INFO  o.eclipse.m2e.core.internal.Bundles - 	Entry: D:\SOFTWARE INSTALLED\sts-4.30.0.RELEASE\plugins\org.eclipse.m2e.maven.runtime_3.9.900.20250220-2013\jars\maven-embedder-3.9.9.jar
2025-06-16 16:17:22,248 [Worker-6: Launching Executing install in F__MEGA SETUP_MEGA SETUP SIT_ALL IN ONE_TestFullstackApp_backend-demo] INFO  o.eclipse.m2e.core.internal.Bundles - 	Entry: D:\SOFTWARE INSTALLED\sts-4.30.0.RELEASE\plugins\org.eclipse.m2e.maven.runtime_3.9.900.20250220-2013\jars\maven-model-3.9.9.jar
2025-06-16 16:17:22,248 [Worker-6: Launching Executing install in F__MEGA SETUP_MEGA SETUP SIT_ALL IN ONE_TestFullstackApp_backend-demo] INFO  o.eclipse.m2e.core.internal.Bundles - 	Entry: D:\SOFTWARE INSTALLED\sts-4.30.0.RELEASE\plugins\org.eclipse.m2e.maven.runtime_3.9.900.20250220-2013\jars\maven-model-builder-3.9.9.jar
2025-06-16 16:17:22,248 [Worker-6: Launching Executing install in F__MEGA SETUP_MEGA SETUP SIT_ALL IN ONE_TestFullstackApp_backend-demo] INFO  o.eclipse.m2e.core.internal.Bundles - 	Entry: D:\SOFTWARE INSTALLED\sts-4.30.0.RELEASE\plugins\org.eclipse.m2e.maven.runtime_3.9.900.20250220-2013\jars\maven-plugin-api-3.9.9.jar
2025-06-16 16:17:22,248 [Worker-6: Launching Executing install in F__MEGA SETUP_MEGA SETUP SIT_ALL IN ONE_TestFullstackApp_backend-demo] INFO  o.eclipse.m2e.core.internal.Bundles - 	Entry: D:\SOFTWARE INSTALLED\sts-4.30.0.RELEASE\plugins\org.eclipse.m2e.maven.runtime_3.9.900.20250220-2013\jars\maven-repository-metadata-3.9.9.jar
2025-06-16 16:17:22,248 [Worker-6: Launching Executing install in F__MEGA SETUP_MEGA SETUP SIT_ALL IN ONE_TestFullstackApp_backend-demo] INFO  o.eclipse.m2e.core.internal.Bundles - 	Entry: D:\SOFTWARE INSTALLED\sts-4.30.0.RELEASE\plugins\org.eclipse.m2e.maven.runtime_3.9.900.20250220-2013\jars\maven-resolver-api-1.9.22.jar
2025-06-16 16:17:22,248 [Worker-6: Launching Executing install in F__MEGA SETUP_MEGA SETUP SIT_ALL IN ONE_TestFullstackApp_backend-demo] INFO  o.eclipse.m2e.core.internal.Bundles - 	Entry: D:\SOFTWARE INSTALLED\sts-4.30.0.RELEASE\plugins\org.eclipse.m2e.maven.runtime_3.9.900.20250220-2013\jars\maven-resolver-connector-basic-1.9.22.jar
2025-06-16 16:17:22,248 [Worker-6: Launching Executing install in F__MEGA SETUP_MEGA SETUP SIT_ALL IN ONE_TestFullstackApp_backend-demo] INFO  o.eclipse.m2e.core.internal.Bundles - 	Entry: D:\SOFTWARE INSTALLED\sts-4.30.0.RELEASE\plugins\org.eclipse.m2e.maven.runtime_3.9.900.20250220-2013\jars\maven-resolver-impl-1.9.22.jar
2025-06-16 16:17:22,248 [Worker-6: Launching Executing install in F__MEGA SETUP_MEGA SETUP SIT_ALL IN ONE_TestFullstackApp_backend-demo] INFO  o.eclipse.m2e.core.internal.Bundles - 	Entry: D:\SOFTWARE INSTALLED\sts-4.30.0.RELEASE\plugins\org.eclipse.m2e.maven.runtime_3.9.900.20250220-2013\jars\maven-resolver-named-locks-1.9.22.jar
2025-06-16 16:17:22,249 [Worker-6: Launching Executing install in F__MEGA SETUP_MEGA SETUP SIT_ALL IN ONE_TestFullstackApp_backend-demo] INFO  o.eclipse.m2e.core.internal.Bundles - 	Entry: D:\SOFTWARE INSTALLED\sts-4.30.0.RELEASE\plugins\org.eclipse.m2e.maven.runtime_3.9.900.20250220-2013\jars\maven-resolver-provider-3.9.9.jar
2025-06-16 16:17:22,249 [Worker-6: Launching Executing install in F__MEGA SETUP_MEGA SETUP SIT_ALL IN ONE_TestFullstackApp_backend-demo] INFO  o.eclipse.m2e.core.internal.Bundles - 	Entry: D:\SOFTWARE INSTALLED\sts-4.30.0.RELEASE\plugins\org.eclipse.m2e.maven.runtime_3.9.900.20250220-2013\jars\maven-resolver-spi-1.9.22.jar
2025-06-16 16:17:22,249 [Worker-6: Launching Executing install in F__MEGA SETUP_MEGA SETUP SIT_ALL IN ONE_TestFullstackApp_backend-demo] INFO  o.eclipse.m2e.core.internal.Bundles - 	Entry: D:\SOFTWARE INSTALLED\sts-4.30.0.RELEASE\plugins\org.eclipse.m2e.maven.runtime_3.9.900.20250220-2013\jars\maven-resolver-transport-file-1.9.22.jar
2025-06-16 16:17:22,249 [Worker-6: Launching Executing install in F__MEGA SETUP_MEGA SETUP SIT_ALL IN ONE_TestFullstackApp_backend-demo] INFO  o.eclipse.m2e.core.internal.Bundles - 	Entry: D:\SOFTWARE INSTALLED\sts-4.30.0.RELEASE\plugins\org.eclipse.m2e.maven.runtime_3.9.900.20250220-2013\jars\maven-resolver-transport-http-1.9.22.jar
2025-06-16 16:17:22,249 [Worker-6: Launching Executing install in F__MEGA SETUP_MEGA SETUP SIT_ALL IN ONE_TestFullstackApp_backend-demo] INFO  o.eclipse.m2e.core.internal.Bundles - 	Entry: D:\SOFTWARE INSTALLED\sts-4.30.0.RELEASE\plugins\org.eclipse.m2e.maven.runtime_3.9.900.20250220-2013\jars\maven-resolver-transport-wagon-1.9.22.jar
2025-06-16 16:17:22,249 [Worker-6: Launching Executing install in F__MEGA SETUP_MEGA SETUP SIT_ALL IN ONE_TestFullstackApp_backend-demo] INFO  o.eclipse.m2e.core.internal.Bundles - 	Entry: D:\SOFTWARE INSTALLED\sts-4.30.0.RELEASE\plugins\org.eclipse.m2e.maven.runtime_3.9.900.20250220-2013\jars\maven-resolver-util-1.9.22.jar
2025-06-16 16:17:22,249 [Worker-6: Launching Executing install in F__MEGA SETUP_MEGA SETUP SIT_ALL IN ONE_TestFullstackApp_backend-demo] INFO  o.eclipse.m2e.core.internal.Bundles - 	Entry: D:\SOFTWARE INSTALLED\sts-4.30.0.RELEASE\plugins\org.eclipse.m2e.maven.runtime_3.9.900.20250220-2013\jars\maven-settings-3.9.9.jar
2025-06-16 16:17:22,249 [Worker-6: Launching Executing install in F__MEGA SETUP_MEGA SETUP SIT_ALL IN ONE_TestFullstackApp_backend-demo] INFO  o.eclipse.m2e.core.internal.Bundles - 	Entry: D:\SOFTWARE INSTALLED\sts-4.30.0.RELEASE\plugins\org.eclipse.m2e.maven.runtime_3.9.900.20250220-2013\jars\maven-settings-builder-3.9.9.jar
2025-06-16 16:17:22,249 [Worker-6: Launching Executing install in F__MEGA SETUP_MEGA SETUP SIT_ALL IN ONE_TestFullstackApp_backend-demo] INFO  o.eclipse.m2e.core.internal.Bundles - 	Entry: D:\SOFTWARE INSTALLED\sts-4.30.0.RELEASE\plugins\org.eclipse.m2e.maven.runtime_3.9.900.20250220-2013\jars\maven-shared-utils-3.4.2.jar
2025-06-16 16:17:22,249 [Worker-6: Launching Executing install in F__MEGA SETUP_MEGA SETUP SIT_ALL IN ONE_TestFullstackApp_backend-demo] INFO  o.eclipse.m2e.core.internal.Bundles - 	Entry: D:\SOFTWARE INSTALLED\sts-4.30.0.RELEASE\plugins\org.eclipse.m2e.maven.runtime_3.9.900.20250220-2013\jars\org.eclipse.sisu.inject-0.9.0.M3.jar
2025-06-16 16:17:22,250 [Worker-6: Launching Executing install in F__MEGA SETUP_MEGA SETUP SIT_ALL IN ONE_TestFullstackApp_backend-demo] INFO  o.eclipse.m2e.core.internal.Bundles - 	Entry: D:\SOFTWARE INSTALLED\sts-4.30.0.RELEASE\plugins\org.eclipse.m2e.maven.runtime_3.9.900.20250220-2013\jars\org.eclipse.sisu.plexus-0.9.0.M3.jar
2025-06-16 16:17:22,250 [Worker-6: Launching Executing install in F__MEGA SETUP_MEGA SETUP SIT_ALL IN ONE_TestFullstackApp_backend-demo] INFO  o.eclipse.m2e.core.internal.Bundles - 	Entry: D:\SOFTWARE INSTALLED\sts-4.30.0.RELEASE\plugins\org.eclipse.m2e.maven.runtime_3.9.900.20250220-2013\jars\plexus-build-api-0.0.7.jar
2025-06-16 16:17:22,250 [Worker-6: Launching Executing install in F__MEGA SETUP_MEGA SETUP SIT_ALL IN ONE_TestFullstackApp_backend-demo] INFO  o.eclipse.m2e.core.internal.Bundles - 	Entry: D:\SOFTWARE INSTALLED\sts-4.30.0.RELEASE\plugins\org.eclipse.m2e.maven.runtime_3.9.900.20250220-2013\jars\plexus-build-api-1.2.0.jar
2025-06-16 16:17:22,250 [Worker-6: Launching Executing install in F__MEGA SETUP_MEGA SETUP SIT_ALL IN ONE_TestFullstackApp_backend-demo] INFO  o.eclipse.m2e.core.internal.Bundles - 	Entry: D:\SOFTWARE INSTALLED\sts-4.30.0.RELEASE\plugins\org.eclipse.m2e.maven.runtime_3.9.900.20250220-2013\jars\plexus-cipher-2.0.jar
2025-06-16 16:17:22,250 [Worker-6: Launching Executing install in F__MEGA SETUP_MEGA SETUP SIT_ALL IN ONE_TestFullstackApp_backend-demo] INFO  o.eclipse.m2e.core.internal.Bundles - 	Entry: D:\SOFTWARE INSTALLED\sts-4.30.0.RELEASE\plugins\org.eclipse.m2e.maven.runtime_3.9.900.20250220-2013\jars\plexus-classworlds-2.8.0.jar
2025-06-16 16:17:22,250 [Worker-6: Launching Executing install in F__MEGA SETUP_MEGA SETUP SIT_ALL IN ONE_TestFullstackApp_backend-demo] INFO  o.eclipse.m2e.core.internal.Bundles - 	Entry: D:\SOFTWARE INSTALLED\sts-4.30.0.RELEASE\plugins\org.eclipse.m2e.maven.runtime_3.9.900.20250220-2013\jars\plexus-component-annotations-2.1.0.jar
2025-06-16 16:17:22,250 [Worker-6: Launching Executing install in F__MEGA SETUP_MEGA SETUP SIT_ALL IN ONE_TestFullstackApp_backend-demo] INFO  o.eclipse.m2e.core.internal.Bundles - 	Entry: D:\SOFTWARE INSTALLED\sts-4.30.0.RELEASE\plugins\org.eclipse.m2e.maven.runtime_3.9.900.20250220-2013\jars\plexus-interpolation-1.27.jar
2025-06-16 16:17:22,250 [Worker-6: Launching Executing install in F__MEGA SETUP_MEGA SETUP SIT_ALL IN ONE_TestFullstackApp_backend-demo] INFO  o.eclipse.m2e.core.internal.Bundles - 	Entry: D:\SOFTWARE INSTALLED\sts-4.30.0.RELEASE\plugins\org.eclipse.m2e.maven.runtime_3.9.900.20250220-2013\jars\plexus-sec-dispatcher-2.0.jar
2025-06-16 16:17:22,250 [Worker-6: Launching Executing install in F__MEGA SETUP_MEGA SETUP SIT_ALL IN ONE_TestFullstackApp_backend-demo] INFO  o.eclipse.m2e.core.internal.Bundles - 	Entry: D:\SOFTWARE INSTALLED\sts-4.30.0.RELEASE\plugins\org.eclipse.m2e.maven.runtime_3.9.900.20250220-2013\jars\plexus-utils-3.5.1.jar
2025-06-16 16:17:22,250 [Worker-6: Launching Executing install in F__MEGA SETUP_MEGA SETUP SIT_ALL IN ONE_TestFullstackApp_backend-demo] INFO  o.eclipse.m2e.core.internal.Bundles - 	Entry: D:\SOFTWARE INSTALLED\sts-4.30.0.RELEASE\plugins\org.eclipse.m2e.maven.runtime_3.9.900.20250220-2013\jars\plexus-xml-3.0.1.jar
2025-06-16 16:17:22,251 [Worker-6: Launching Executing install in F__MEGA SETUP_MEGA SETUP SIT_ALL IN ONE_TestFullstackApp_backend-demo] INFO  o.eclipse.m2e.core.internal.Bundles - 	Entry: D:\SOFTWARE INSTALLED\sts-4.30.0.RELEASE\plugins\org.eclipse.m2e.maven.runtime_3.9.900.20250220-2013\jars\wagon-file-3.5.3.jar
2025-06-16 16:17:22,251 [Worker-6: Launching Executing install in F__MEGA SETUP_MEGA SETUP SIT_ALL IN ONE_TestFullstackApp_backend-demo] INFO  o.eclipse.m2e.core.internal.Bundles - 	Entry: D:\SOFTWARE INSTALLED\sts-4.30.0.RELEASE\plugins\org.eclipse.m2e.maven.runtime_3.9.900.20250220-2013\jars\wagon-http-3.5.3.jar
2025-06-16 16:17:22,251 [Worker-6: Launching Executing install in F__MEGA SETUP_MEGA SETUP SIT_ALL IN ONE_TestFullstackApp_backend-demo] INFO  o.eclipse.m2e.core.internal.Bundles - 	Entry: D:\SOFTWARE INSTALLED\sts-4.30.0.RELEASE\plugins\org.eclipse.m2e.maven.runtime_3.9.900.20250220-2013\jars\wagon-http-shared-3.5.3.jar
2025-06-16 16:17:22,251 [Worker-6: Launching Executing install in F__MEGA SETUP_MEGA SETUP SIT_ALL IN ONE_TestFullstackApp_backend-demo] INFO  o.eclipse.m2e.core.internal.Bundles - 	Entry: D:\SOFTWARE INSTALLED\sts-4.30.0.RELEASE\plugins\org.eclipse.m2e.maven.runtime_3.9.900.20250220-2013\jars\wagon-provider-api-3.5.3.jar
2025-06-16 16:17:22,252 [Worker-6: Launching Executing install in F__MEGA SETUP_MEGA SETUP SIT_ALL IN ONE_TestFullstackApp_backend-demo] INFO  o.eclipse.m2e.core.internal.Bundles - getClasspathEntries(Bundle=com.google.guava_33.4.0.jre [29])
2025-06-16 16:17:22,252 [Worker-6: Launching Executing install in F__MEGA SETUP_MEGA SETUP SIT_ALL IN ONE_TestFullstackApp_backend-demo] INFO  o.eclipse.m2e.core.internal.Bundles - 	Entry: D:\SOFTWARE INSTALLED\sts-4.30.0.RELEASE\plugins\com.google.guava_33.4.0.jre.jar
2025-06-16 16:17:22,252 [Worker-6: Launching Executing install in F__MEGA SETUP_MEGA SETUP SIT_ALL IN ONE_TestFullstackApp_backend-demo] INFO  o.eclipse.m2e.core.internal.Bundles - getClasspathEntries(Bundle=slf4j.api_2.0.17 [608])
2025-06-16 16:17:22,253 [Worker-6: Launching Executing install in F__MEGA SETUP_MEGA SETUP SIT_ALL IN ONE_TestFullstackApp_backend-demo] INFO  o.eclipse.m2e.core.internal.Bundles - 	Entry: D:\SOFTWARE INSTALLED\sts-4.30.0.RELEASE\plugins\slf4j.api_2.0.17.jar
2025-06-16 16:17:22,253 [Worker-6: Launching Executing install in F__MEGA SETUP_MEGA SETUP SIT_ALL IN ONE_TestFullstackApp_backend-demo] INFO  o.eclipse.m2e.core.internal.Bundles - getClasspathEntries(Bundle=jakarta.inject.jakarta.inject-api_1.0.5 [45])
2025-06-16 16:17:22,253 [Worker-6: Launching Executing install in F__MEGA SETUP_MEGA SETUP SIT_ALL IN ONE_TestFullstackApp_backend-demo] INFO  o.eclipse.m2e.core.internal.Bundles - 	Entry: D:\SOFTWARE INSTALLED\sts-4.30.0.RELEASE\plugins\jakarta.inject.jakarta.inject-api_1.0.5.jar
2025-06-16 16:17:22,253 [Worker-6: Launching Executing install in F__MEGA SETUP_MEGA SETUP SIT_ALL IN ONE_TestFullstackApp_backend-demo] INFO  o.eclipse.m2e.core.internal.Bundles - getClasspathEntries(Bundle=jakarta.annotation-api_1.3.5 [41])
2025-06-16 16:17:22,253 [Worker-6: Launching Executing install in F__MEGA SETUP_MEGA SETUP SIT_ALL IN ONE_TestFullstackApp_backend-demo] INFO  o.eclipse.m2e.core.internal.Bundles - 	Entry: D:\SOFTWARE INSTALLED\sts-4.30.0.RELEASE\plugins\jakarta.annotation-api_1.3.5.jar
2025-06-16 16:17:22,253 [Worker-6: Launching Executing install in F__MEGA SETUP_MEGA SETUP SIT_ALL IN ONE_TestFullstackApp_backend-demo] INFO  o.eclipse.m2e.core.internal.Bundles - getClasspathEntries(Bundle=org.apache.commons.cli_1.9.0 [77])
2025-06-16 16:17:22,253 [Worker-6: Launching Executing install in F__MEGA SETUP_MEGA SETUP SIT_ALL IN ONE_TestFullstackApp_backend-demo] INFO  o.eclipse.m2e.core.internal.Bundles - 	Entry: D:\SOFTWARE INSTALLED\sts-4.30.0.RELEASE\plugins\org.apache.commons.cli_1.9.0.jar
2025-06-16 16:17:22,253 [Worker-6: Launching Executing install in F__MEGA SETUP_MEGA SETUP SIT_ALL IN ONE_TestFullstackApp_backend-demo] INFO  o.eclipse.m2e.core.internal.Bundles - getClasspathEntries(Bundle=org.apache.commons.commons-codec_1.16.0 [79])
2025-06-16 16:17:22,253 [Worker-6: Launching Executing install in F__MEGA SETUP_MEGA SETUP SIT_ALL IN ONE_TestFullstackApp_backend-demo] INFO  o.eclipse.m2e.core.internal.Bundles - 	Entry: D:\SOFTWARE INSTALLED\sts-4.30.0.RELEASE\plugins\org.apache.commons.commons-codec_1.16.0.jar
2025-06-16 16:17:22,253 [Worker-6: Launching Executing install in F__MEGA SETUP_MEGA SETUP SIT_ALL IN ONE_TestFullstackApp_backend-demo] INFO  o.eclipse.m2e.core.internal.Bundles - getClasspathEntries(Bundle=com.google.guava.failureaccess_1.0.2 [30])
2025-06-16 16:17:22,254 [Worker-6: Launching Executing install in F__MEGA SETUP_MEGA SETUP SIT_ALL IN ONE_TestFullstackApp_backend-demo] INFO  o.eclipse.m2e.core.internal.Bundles - 	Entry: D:\SOFTWARE INSTALLED\sts-4.30.0.RELEASE\plugins\com.google.guava.failureaccess_1.0.2.jar
2025-06-16 16:17:22,256 [Worker-6: Launching Executing install in F__MEGA SETUP_MEGA SETUP SIT_ALL IN ONE_TestFullstackApp_backend-demo] INFO  o.e.m.i.launch.MavenLaunchDelegate - Run build in "F:\MEGA SETUP\MEGA SETUP SIT\ALL IN ONE\TestFullstackApp\backend-demo":
2025-06-16 16:17:22,259 [Worker-6: Launching Executing install in F__MEGA SETUP_MEGA SETUP SIT_ALL IN ONE_TestFullstackApp_backend-demo] INFO  o.e.m.i.launch.MavenLaunchDelegate -  mvn  -Ppom.xml -B -Dstyle.color=always install
2025-06-16 16:17:30,774 [Worker-14: Building] INFO  o.a.m.s.f.DefaultMavenResourcesFiltering - Copying 1 resource from src\main\resources to target\classes
2025-06-16 16:17:30,785 [Worker-14: Building] INFO  o.a.m.s.f.DefaultMavenResourcesFiltering - Copying 0 resource from src\main\resources to target\classes
2025-06-16 16:17:30,787 [Worker-14: Building] INFO  o.a.m.s.f.DefaultMavenResourcesFiltering - skip non existing resourceDirectory F:\MEGA SETUP\MEGA SETUP SIT\ALL IN ONE\TestFullstackApp\backend-demo\src\test\resources
2025-06-16 16:25:00,615 [Worker-6: Building] INFO  o.a.m.s.f.DefaultMavenResourcesFiltering - Copying 1 resource from src\main\resources to target\classes
2025-06-16 16:25:00,621 [Worker-6: Building] INFO  o.a.m.s.f.DefaultMavenResourcesFiltering - Copying 0 resource from src\main\resources to target\classes
2025-06-16 16:25:00,623 [Worker-6: Building] INFO  o.a.m.s.f.DefaultMavenResourcesFiltering - skip non existing resourceDirectory F:\MEGA SETUP\MEGA SETUP SIT\ALL IN ONE\TestFullstackApp\backend-demo\src\test\resources
